0 info it worked if it ends with ok
1 verbose cli [ 'E:\\AppCanIDE\\IDE\\AppCanStudioPersonalV3.3\\HDK\\emulator\\mas\\\\node.exe',
1 verbose cli   'E:\\AppCanIDE\\IDE\\AppCanStudioPersonalV3.3\\HDK\\emulator\\mas\\node_modules\\npm\\bin\\npm-cli.js',
1 verbose cli   'start' ]
2 info using npm@1.4.3
3 info using node@v0.10.38
4 verbose node symlink E:\AppCanIDE\IDE\AppCanStudioPersonalV3.3\HDK\emulator\mas\\node.exe
5 verbose run-script [ 'prestart', 'start', 'poststart' ]
6 info prestart YuHu@0.0.0
7 info start YuHu@0.0.0
8 verbose unsafe-perm in lifecycle true
9 info YuHu@0.0.0 Failed to exec start script
10 error YuHu@0.0.0 start: `node ./bin/www`
10 error Exit status -1073741510
11 error Failed at the YuHu@0.0.0 start script.
11 error This is most likely a problem with the YuHu package,
11 error not with npm itself.
11 error Tell the author that this fails on your system:
11 error     node ./bin/www
11 error You can get their info via:
11 error     npm owner ls YuHu
11 error There is likely additional logging output above.
12 error System Windows_NT 6.2.9200
13 error command "E:\\AppCanIDE\\IDE\\AppCanStudioPersonalV3.3\\HDK\\emulator\\mas\\\\node.exe" "E:\\AppCanIDE\\IDE\\AppCanStudioPersonalV3.3\\HDK\\emulator\\mas\\node_modules\\npm\\bin\\npm-cli.js" "start"
14 error cwd C:\Users\Hajnal\Desktop\YuHU\YuHu
15 error node -v v0.10.38
16 error npm -v 1.4.3
17 error code ELIFECYCLE
18 verbose exit [ 1, true ]
